app/build/intermediates/manifest_merge_blame_file/debug/manifest-merger-blame-debug-report.txt
1<?xml version="1.0" encoding="utf-8"?>
2<manifest xmlns:android="http://schemas.android.com/apk/res/android"
3    package="com.sonuauti.facespoof"
4    android:versionCode="1"
5    android:versionName="1.0" >
6
7    <uses-sdk
8        android:minSdkVersion="23"
8-->src/main/AndroidManifest.xml
9        android:targetSdkVersion="29" />
9-->src/main/AndroidManifest.xml
10
11    <uses-permission android:name="android.permission.CAMERA" />
11-->src/main/AndroidManifest.xml:5:5-64
11-->src/main/AndroidManifest.xml:5:22-62
12    <uses-permission android:name="android.permission.WRITE_EXTERNAL_STORAGE" />
12-->src/main/AndroidManifest.xml:6:5-80
12-->src/main/AndroidManifest.xml:6:22-78
13    <uses-permission android:name="android.permission.READ_EXTERNAL_STORAGE" />
13-->src/main/AndroidManifest.xml:7:5-79
13-->src/main/AndroidManifest.xml:7:22-77
14
15    <uses-feature
15-->src/main/AndroidManifest.xml:8:5-83
16        android:name="android.hardware.camera"
16-->src/main/AndroidManifest.xml:8:19-57
17        android:required="true" />
17-->src/main/AndroidManifest.xml:8:58-81
18
19    <uses-permission android:name="android.permission.READ_PHONE_STATE" />
20
21    <application
21-->src/main/AndroidManifest.xml:11:5-39:19
22        android:allowBackup="true"
22-->src/main/AndroidManifest.xml:13:9-35
23        android:appComponentFactory="androidx.core.app.CoreComponentFactory"
23-->[androidx.core:core:1.1.0] AndroidManifest.xml:24:18-86
24        android:debuggable="true"
25        android:extractNativeLibs="false"
26        android:hardwareAccelerated="false"
26-->src/main/AndroidManifest.xml:12:9-44
27        android:icon="@mipmap/ic_launcher"
27-->src/main/AndroidManifest.xml:14:9-43
28        android:label="@string/app_name"
28-->src/main/AndroidManifest.xml:15:9-41
29        android:roundIcon="@mipmap/ic_launcher_round"
29-->src/main/AndroidManifest.xml:16:9-54
30        android:supportsRtl="false"
30-->src/main/AndroidManifest.xml:17:9-36
31        android:testOnly="true"
32        android:theme="@style/AppTheme" >
32-->src/main/AndroidManifest.xml:18:9-40
33        <activity
33-->src/main/AndroidManifest.xml:19:9-27:20
34            android:name="com.sonuauti.facespoof.MainActivity"
34-->src/main/AndroidManifest.xml:19:19-47
35            android:label="@string/app_name"
35-->src/main/AndroidManifest.xml:20:13-45
36            android:screenOrientation="portrait"
36-->src/main/AndroidManifest.xml:21:13-49
37            android:theme="@style/AppTheme" >
37-->src/main/AndroidManifest.xml:22:13-44
38            <intent-filter>
38-->src/main/AndroidManifest.xml:23:13-26:29
39                <action android:name="android.intent.action.MAIN" />
39-->src/main/AndroidManifest.xml:24:17-69
39-->src/main/AndroidManifest.xml:24:25-66
40
41                <category android:name="android.intent.category.LAUNCHER" />
41-->src/main/AndroidManifest.xml:25:17-77
41-->src/main/AndroidManifest.xml:25:27-74
42            </intent-filter>
43        </activity>
44
45        <provider
46            android:name="androidx.core.content.FileProvider"
46-->src/main/AndroidManifest.xml:31:13-62
47            android:authorities="com.sonuauti.facespoof.fileprovider"
47-->src/main/AndroidManifest.xml:32:13-64
48            android:exported="false"
48-->src/main/AndroidManifest.xml:33:13-37
49            android:grantUriPermissions="true" >
49-->src/main/AndroidManifest.xml:34:13-47
50            <meta-data
50-->src/main/AndroidManifest.xml:35:13-37:53
51                android:name="android.support.FILE_PROVIDER_PATHS"
51-->src/main/AndroidManifest.xml:36:17-67
52                android:resource="@xml/file_path" />
52-->src/main/AndroidManifest.xml:37:17-50
53        </provider>
54    </application>
55
56</manifest>